[20:22:43] [ServerMain/INFO]: Environment: authHost='https://authserver.mojang.com', accountsHost='https://api.mojang.com', sessionHost='https://sessionserver.mojang.com', servicesHost='https://api.minecraftservices.com', name='PROD'
[20:22:45] [ServerMain/INFO]: Loaded 7 recipes
[20:22:45] [ServerMain/INFO]: Loaded 1271 advancements
[20:22:45] [Server thread/INFO]: Starting minecraft server version 1.20.1
[20:22:45] [Server thread/INFO]: Loading properties
[20:22:45] [Server thread/INFO]: Default game type: SURVIVAL
[20:22:45] [Server thread/INFO]: Generating keypair
[20:22:46] [Server thread/INFO]: Starting Minecraft server on *:25565
[20:22:46] [Server thread/INFO]: Using epoll channel type
[20:22:46] [Server thread/INFO]: Preparing level "world"
[20:22:48] [Server thread/INFO]: Preparing start region for dimension minecraft:overworld
[20:22:51] [Worker-Main-1/INFO]: Preparing spawn area: 0%
[20:22:51] [Worker-Main-6/INFO]: Preparing spawn area: 0%
[20:22:51] [Worker-Main-6/INFO]: Preparing spawn area: 0%
[20:22:51] [Worker-Main-1/INFO]: Preparing spawn area: 0%
[20:22:51] [Worker-Main-7/INFO]: Preparing spawn area: 0%
[20:22:51] [Worker-Main-7/INFO]: Preparing spawn area: 0%
[20:22:51] [Worker-Main-6/INFO]: Preparing spawn area: 0%
[20:22:51] [Worker-Main-1/INFO]: Preparing spawn area: 2%
[20:22:52] [Worker-Main-1/INFO]: Preparing spawn area: 17%
[20:22:52] [Worker-Main-3/INFO]: Preparing spawn area: 33%
[20:22:53] [Worker-Main-7/INFO]: Preparing spawn area: 63%
[20:22:53] [Worker-Main-4/INFO]: Preparing spawn area: 76%
[20:22:54] [Worker-Main-7/INFO]: Preparing spawn area: 84%
[20:22:54] [Worker-Main-7/INFO]: Preparing spawn area: 84%
[20:22:55] [Worker-Main-4/INFO]: Preparing spawn area: 85%
[20:22:55] [Worker-Main-4/INFO]: Preparing spawn area: 87%
[20:22:56] [Worker-Main-1/INFO]: Preparing spawn area: 94%
[20:22:56] [Worker-Main-1/INFO]: Preparing spawn area: 99%
[20:22:56] [Server thread/INFO]: Time elapsed: 8604 ms
[20:22:56] [Server thread/INFO]: Done (10.501s)! For help, type "help"
[20:22:56] [Server thread/INFO]: Starting remote control listener
[20:22:56] [Server thread/INFO]: Thread RCON Listener started
[20:22:56] [Server thread/INFO]: RCON running on 0.0.0.0:25575
[20:26:07] [User Authenticator #1/INFO]: UUID of player L0rthe is 754c6713-dfba-4c03-8342-aaafb7752dbb
[20:26:07] [Server thread/INFO]: L0rthe[/172.21.0.1:60644] logged in with entity id 242 at (36.947402413799715, 96.0, -33.92011076634701)
[20:26:07] [Server thread/INFO]: L0rthe joined the game
[20:26:15] [Server thread/INFO]: L0rthe lost connection: Disconnected
[20:26:15] [Server thread/INFO]: L0rthe left the game
[20:51:26] [RCON Listener #1/INFO]: Thread RCON Client /127.0.0.1 started
[20:51:26] [Server thread/INFO]: [Rcon: Stopping the server]
[20:51:26] [Server thread/INFO]: Stopping server
[20:51:26] [RCON Client /127.0.0.1 #2/INFO]: Thread RCON Client /127.0.0.1 shutting down
[20:51:26] [Server thread/INFO]: Saving players
[20:51:26] [Server thread/INFO]: Saving worlds
[20:51:27] [Server thread/INFO]: Saving chunks for level 'ServerLevel[world]'/minecraft:overworld
